# JRE version: OpenJDK Runtime Environment Temurin-17.0.11+9 (17.0.11+9) (build 17.0.11+9)
# Java VM: OpenJDK 64-Bit Server VM Temurin-17.0.11+9 (17.0.11+9, mixed mode, emulated-client, tiered, compressed oops, compressed class ptrs, g1 gc, windows-amd64)
GC Precious Log:
 CPUs: 8 total, 8 available
 Memory: 7930M
 Large Page Support: Disabled
 NUMA Support: Disabled
 Compressed Oops: Enabled (32-bit)
 Heap Region Size: 1M
 Heap Min Capacity: 8M
 Heap Initial Capacity: 124M
 Heap Max Capacity: 1984M
 Pre-touch: Disabled
 Parallel Workers: 8
 Concurrent Workers: 2
 Concurrent Refinement Workers: 8
 Periodic GC: Disabled
Heap:
 garbage-first heap   total 106496K, used 63639K [0x0000000084000000, 0x0000000100000000)
  region size 1024K, 33 young (33792K), 4 survivors (4096K)
 Metaspace       used 89162K, committed 89792K, reserved 1179648K
  class space    used 12292K, committed 12608K, reserved 1048576K
GC Heap History (20 events):
Event: 65.350 GC heap before
{Heap before GC invocations=26 (full 0):
 garbage-first heap   total 95232K, used 77856K [0x0000000084000000, 0x0000000100000000)
  region size 1024K, 48 young (49152K), 5 survivors (5120K)
 Metaspace       used 85865K, committed 86464K, reserved 1179648K
  class space    used 11887K, committed 12160K, reserved 1048576K
}
Event: 65.354 GC heap after
{Heap after GC invocations=27 (full 0):
 garbage-first heap   total 95232K, used 35023K [0x0000000084000000, 0x0000000100000000)
  region size 1024K, 3 young (3072K), 3 survivors (3072K)
 Metaspace       used 85865K, committed 86464K, reserved 1179648K
  class space    used 11887K, committed 12160K, reserved 1048576K
}
Event: 231.739 GC heap before
{Heap before GC invocations=27 (full 0):
 garbage-first heap   total 95232K, used 63695K [0x0000000084000000, 0x0000000100000000)
  region size 1024K, 32 young (32768K), 3 survivors (3072K)
 Metaspace       used 87954K, committed 88640K, reserved 1179648K
  class space    used 12208K, committed 12544K, reserved 1048576K
}
Event: 231.792 GC heap after
{Heap after GC invocations=28 (full 1):
 garbage-first heap   total 95232K, used 30270K [0x0000000084000000, 0x0000000100000000)
  region size 1024K, 0 young (0K), 0 survivors (0K)
 Metaspace       used 87816K, committed 88640K, reserved 1179648K
  class space    used 12177K, committed 12544K, reserved 1048576K
}
Event: 234.547 GC heap before
{Heap before GC invocations=28 (full 1):
 garbage-first heap   total 95232K, used 76350K [0x0000000084000000, 0x0000000100000000)
  region size 1024K, 46 young (47104K), 0 survivors (0K)
 Metaspace       used 87939K, committed 88640K, reserved 1179648K
  class space    used 12197K, committed 12544K, reserved 1048576K
}
Event: 234.552 GC heap after
{Heap after GC invocations=29 (full 1):
 garbage-first heap   total 95232K, used 33972K [0x0000000084000000, 0x0000000100000000)
  region size 1024K, 4 young (4096K), 4 survivors (4096K)
 Metaspace       used 87939K, committed 88640K, reserved 1179648K
  class space    used 12197K, committed 12544K, reserved 1048576K
}
Event: 238.539 GC heap before
{Heap before GC invocations=29 (full 1):
 garbage-first heap   total 95232K, used 68788K [0x0000000084000000, 0x0000000100000000)
  region size 1024K, 39 young (39936K), 4 survivors (4096K)
 Metaspace       used 88201K, committed 88832K, reserved 1179648K
  class space    used 12225K, committed 12544K, reserved 1048576K
}
Event: 238.595 GC heap after
{Heap after GC invocations=30 (full 2):
 garbage-first heap   total 95232K, used 29455K [0x0000000084000000, 0x0000000100000000)
  region size 1024K, 0 young (0K), 0 survivors (0K)
 Metaspace       used 87987K, committed 88832K, reserved 1179648K
  class space    used 12176K, committed 12544K, reserved 1048576K
}
Event: 242.662 GC heap before
{Heap before GC invocations=30 (full 2):
 garbage-first heap   total 95232K, used 73487K [0x0000000084000000, 0x0000000100000000)
  region size 1024K, 44 young (45056K), 0 survivors (0K)
 Metaspace       used 88072K, committed 88832K, reserved 1179648K
  class space    used 12188K, committed 12544K, reserved 1048576K
}
Event: 242.665 GC heap after
{Heap after GC invocations=31 (full 2):
 garbage-first heap   total 114688K, used 33009K [0x0000000084000000, 0x0000000100000000)
  region size 1024K, 4 young (4096K), 4 survivors (4096K)
 Metaspace       used 88072K, committed 88832K, reserved 1179648K
  class space    used 12188K, committed 12544K, reserved 1048576K
}
Event: 244.617 GC heap before
{Heap before GC invocations=31 (full 2):
 garbage-first heap   total 114688K, used 68849K [0x0000000084000000, 0x0000000100000000)
  region size 1024K, 40 young (40960K), 4 survivors (4096K)
 Metaspace       used 88287K, committed 88896K, reserved 1179648K
  class space    used 12206K, committed 12544K, reserved 1048576K
}
Event: 244.666 GC heap after
{Heap after GC invocations=32 (full 3):
 garbage-first heap   total 106496K, used 29825K [0x0000000084000000, 0x0000000100000000)
  region size 1024K, 0 young (0K), 0 survivors (0K)
 Metaspace       used 88284K, committed 88896K, reserved 1179648K
  class space    used 12205K, committed 12544K, reserved 1048576K
}
Event: 245.329 GC heap before
{Heap before GC invocations=32 (full 3):
 garbage-first heap   total 106496K, used 81025K [0x0000000084000000, 0x0000000100000000)
  region size 1024K, 51 young (52224K), 0 survivors (0K)
 Metaspace       used 88431K, committed 89024K, reserved 1179648K
  class space    used 12227K, committed 12544K, reserved 1048576K
}
Event: 245.333 GC heap after
{Heap after GC invocations=33 (full 3):
 garbage-first heap   total 106496K, used 33867K [0x0000000084000000, 0x0000000100000000)
  region size 1024K, 4 young (4096K), 4 survivors (4096K)
 Metaspace       used 88431K, committed 89024K, reserved 1179648K
  class space    used 12227K, committed 12544K, reserved 1048576K
}
Event: 274.833 GC heap before
{Heap before GC invocations=33 (full 3):
 garbage-first heap   total 106496K, used 83019K [0x0000000084000000, 0x0000000100000000)
  region size 1024K, 52 young (53248K), 4 survivors (4096K)
 Metaspace       used 88839K, committed 89408K, reserved 1179648K
  class space    used 12262K, committed 12544K, reserved 1048576K
}
Event: 274.841 GC heap after
{Heap after GC invocations=34 (full 3):
 garbage-first heap   total 106496K, used 35343K [0x0000000084000000, 0x0000000100000000)
  region size 1024K, 3 young (3072K), 3 survivors (3072K)
 Metaspace       used 88839K, committed 89408K, reserved 1179648K
  class space    used 12262K, committed 12544K, reserved 1048576K
}
Event: 908.070 GC heap before
{Heap before GC invocations=34 (full 3):
 garbage-first heap   total 106496K, used 54799K [0x0000000084000000, 0x0000000100000000)
  region size 1024K, 23 young (23552K), 3 survivors (3072K)
 Metaspace       used 88857K, committed 89472K, reserved 1179648K
  class space    used 12263K, committed 12544K, reserved 1048576K
}
Event: 908.117 GC heap after
{Heap after GC invocations=35 (full 4):
 garbage-first heap   total 106496K, used 31030K [0x0000000084000000, 0x0000000100000000)
  region size 1024K, 0 young (0K), 0 survivors (0K)
 Metaspace       used 88854K, committed 89472K, reserved 1179648K
  class space    used 12263K, committed 12544K, reserved 1048576K
}
Event: 908.933 GC heap before
{Heap before GC invocations=35 (full 4):
 garbage-first heap   total 106496K, used 81206K [0x0000000084000000, 0x0000000100000000)
  region size 1024K, 50 young (51200K), 0 survivors (0K)
 Metaspace       used 88957K, committed 89536K, reserved 1179648K
  class space    used 12278K, committed 12544K, reserved 1048576K
}
Event: 908.936 GC heap after
{Heap after GC invocations=36 (full 4):
 garbage-first heap   total 106496K, used 34967K [0x0000000084000000, 0x0000000100000000)
  region size 1024K, 4 young (4096K), 4 survivors (4096K)
 Metaspace       used 88957K, committed 89536K, reserved 1179648K
  class space    used 12278K, committed 12544K, reserved 1048576K
}

